Vivado Simulator 2020.2
Copyright 1986-1999, 2001-2020 Xilinx, Inc. All Rights Reserved.
Running: /opt/Xilinx/Vivado/2020.2/bin/unwrapped/lnx64.o/xelab -wto 3691682adcef40f9ba3f1c531667ae78 --incr --debug typical --relax --mt 8 -L xil_defaultlib -L unisims_ver -L unimacro_ver -L secureip --snapshot test_TOP_behav xil_defaultlib.test_TOP xil_defaultlib.glbl -log elaborate.log 
Using 8 slave threads.
Starting static elaboration
Pass Through NonSizing Optimizer
Completed static elaboration
Starting simulation data flow analysis
Completed simulation data flow analysis
Time Resolution for simulation is 1ps
Compiling module xil_defaultlib.DMUX
Compiling module xil_defaultlib.MUX
Compiling module xil_defaultlib.sumator
Compiling module xil_defaultlib.XORO
Compiling module xil_defaultlib.MUXX
Compiling module xil_defaultlib.comparator
Compiling module xil_defaultlib.TOP
Compiling module xil_defaultlib.test_TOP
Compiling module xil_defaultlib.glbl
Built simulation snapshot test_TOP_behav
